{"/Users/kujinlee/code/copilotforjava/flightreservation-node-es6/src/app.js": {"path":"/Users/kujinlee/code/copilotforjava/flightreservation-node-es6/src/app.js","statementMap":{"0":{"start":{"line":15,"column":0},"end":{"line":15,"column":16}},"1":{"start":{"line":17,"column":12},"end":{"line":17,"column":21}},"2":{"start":{"line":18,"column":19},"end":{"line":18,"column":49}},"3":{"start":{"line":19,"column":18},"end":{"line":19,"column":42}},"4":{"start":{"line":22,"column":0},"end":{"line":22,"column":24}},"5":{"start":{"line":23,"column":0},"end":{"line":23,"column":48}},"6":{"start":{"line":24,"column":0},"end":{"line":24,"column":30}},"7":{"start":{"line":25,"column":0},"end":{"line":25,"column":48}},"8":{"start":{"line":28,"column":17},"end":{"line":28,"column":66}},"9":{"start":{"line":29,"column":0},"end":{"line":32,"column":3}},"10":{"start":{"line":30,"column":2},"end":{"line":30,"column":33}},"11":{"start":{"line":31,"column":2},"end":{"line":31,"column":9}},"12":{"start":{"line":33,"column":0},"end":{"line":33,"column":32}},"13":{"start":{"line":36,"column":0},"end":{"line":36,"column":22}},"14":{"start":{"line":39,"column":0},"end":{"line":39,"column":68}},"15":{"start":{"line":42,"column":18},"end":{"line":42,"column":50}},"16":{"start":{"line":45,"column":0},"end":{"line":54,"column":1}},"17":{"start":{"line":46,"column":21},"end":{"line":49,"column":3}},"18":{"start":{"line":50,"column":2},"end":{"line":50,"column":49}},"19":{"start":{"line":51,"column":2},"end":{"line":51,"column":47}},"20":{"start":{"line":53,"column":2},"end":{"line":53,"column":34}},"21":{"start":{"line":57,"column":0},"end":{"line":76,"column":3}},"22":{"start":{"line":58,"column":2},"end":{"line":63,"column":3}},"23":{"start":{"line":59,"column":22},"end":{"line":59,"column":69}},"24":{"start":{"line":60,"column":4},"end":{"line":60,"column":67}},"25":{"start":{"line":62,"column":4},"end":{"line":62,"column":54}},"26":{"start":{"line":65,"column":15},"end":{"line":65,"column":39}},"27":{"start":{"line":66,"column":23},"end":{"line":66,"column":55}},"28":{"start":{"line":67,"column":20},"end":{"line":67,"column":75}},"29":{"start":{"line":68,"column":19},"end":{"line":68,"column":54}},"30":{"start":{"line":70,"column":2},"end":{"line":75,"column":5}},"31":{"start":{"line":71,"column":21},"end":{"line":71,"column":49}},"32":{"start":{"line":72,"column":4},"end":{"line":74,"column":6}}},"fnMap":{"0":{"name":"(anonymous_0)","decl":{"start":{"line":29,"column":8},"end":{"line":29,"column":9}},"loc":{"start":{"line":29,"column":28},"end":{"line":32,"column":1}},"line":29},"1":{"name":"(anonymous_1)","decl":{"start":{"line":57,"column":22},"end":{"line":57,"column":23}},"loc":{"start":{"line":57,"column":34},"end":{"line":76,"column":1}},"line":57},"2":{"name":"(anonymous_2)","decl":{"start":{"line":70,"column":22},"end":{"line":70,"column":23}},"loc":{"start":{"line":70,"column":28},"end":{"line":75,"column":3}},"line":70}},"branchMap":{"0":{"loc":{"start":{"line":28,"column":17},"end":{"line":28,"column":66}},"type":"binary-expr","locations":[{"start":{"line":28,"column":17},"end":{"line":28,"column":37}},{"start":{"line":28,"column":41},"end":{"line":28,"column":66}}],"line":28},"1":{"loc":{"start":{"line":45,"column":0},"end":{"line":54,"column":1}},"type":"if","locations":[{"start":{"line":45,"column":0},"end":{"line":54,"column":1}},{"start":{"line":52,"column":7},"end":{"line":54,"column":1}}],"line":45},"2":{"loc":{"start":{"line":65,"column":15},"end":{"line":65,"column":39}},"type":"binary-expr","locations":[{"start":{"line":65,"column":15},"end":{"line":65,"column":31}},{"start":{"line":65,"column":35},"end":{"line":65,"column":39}}],"line":65},"3":{"loc":{"start":{"line":66,"column":23},"end":{"line":66,"column":55}},"type":"binary-expr","locations":[{"start":{"line":66,"column":23},"end":{"line":66,"column":47}},{"start":{"line":66,"column":51},"end":{"line":66,"column":55}}],"line":66},"4":{"loc":{"start":{"line":67,"column":20},"end":{"line":67,"column":75}},"type":"cond-expr","locations":[{"start":{"line":67,"column":56},"end":{"line":67,"column":68}},{"start":{"line":67,"column":71},"end":{"line":67,"column":75}}],"line":67},"5":{"loc":{"start":{"line":68,"column":19},"end":{"line":68,"column":54}},"type":"binary-expr","locations":[{"start":{"line":68,"column":19},"end":{"line":68,"column":39}},{"start":{"line":68,"column":43},"end":{"line":68,"column":54}}],"line":68},"6":{"loc":{"start":{"line":71,"column":21},"end":{"line":71,"column":49}},"type":"cond-expr","locations":[{"start":{"line":71,"column":33},"end":{"line":71,"column":40}},{"start":{"line":71,"column":43},"end":{"line":71,"column":49}}],"line":71}},"s":{"0":0,"1":0,"2":0,"3":0,"4":0,"5":0,"6":0,"7":0,"8":0,"9":0,"10":0,"11":0,"12":0,"13":0,"14":0,"15":0,"16":0,"17":0,"18":0,"19":0,"20":0,"21":0,"22":0,"23":0,"24":0,"25":0,"26":0,"27":0,"28":0,"29":0,"30":0,"31":0,"32":0},"f":{"0":0,"1":0,"2":0},"b":{"0":[0,0],"1":[0,0],"2":[0,0],"3":[0,0],"4":[0,0],"5":[0,0],"6":[0,0]}}
,"/Users/kujinlee/code/copilotforjava/flightreservation-node-es6/src/controllers/flightController.js": {"path":"/Users/kujinlee/code/copilotforjava/flightreservation-node-es6/src/controllers/flightController.js","statementMap":{"0":{"start":{"line":10,"column":33},"end":{"line":12,"column":1}},"1":{"start":{"line":11,"column":2},"end":{"line":11,"column":28}},"2":{"start":{"line":14,"column":27},"end":{"line":40,"column":2}},"3":{"start":{"line":15,"column":38},"end":{"line":15,"column":46}},"4":{"start":{"line":16,"column":2},"end":{"line":20,"column":5}},"5":{"start":{"line":22,"column":18},"end":{"line":28,"column":4}},"6":{"start":{"line":30,"column":2},"end":{"line":39,"column":3}},"7":{"start":{"line":31,"column":4},"end":{"line":31,"column":62}},"8":{"start":{"line":32,"column":4},"end":{"line":32,"column":50}},"9":{"start":{"line":34,"column":4},"end":{"line":34,"column":61}},"10":{"start":{"line":35,"column":4},"end":{"line":38,"column":7}},"11":{"start":{"line":42,"column":31},"end":{"line":81,"column":2}},"12":{"start":{"line":43,"column":42},"end":{"line":43,"column":50}},"13":{"start":{"line":45,"column":2},"end":{"line":45,"column":58}},"14":{"start":{"line":47,"column":22},"end":{"line":52,"column":4}},"15":{"start":{"line":54,"column":2},"end":{"line":56,"column":3}},"16":{"start":{"line":55,"column":4},"end":{"line":55,"column":63}},"17":{"start":{"line":58,"column":2},"end":{"line":58,"column":74}},"18":{"start":{"line":61,"column":2},"end":{"line":61,"column":42}},"19":{"start":{"line":62,"column":2},"end":{"line":62,"column":31}},"20":{"start":{"line":65,"column":2},"end":{"line":65,"column":59}},"21":{"start":{"line":68,"column":2},"end":{"line":68,"column":27}},"22":{"start":{"line":71,"column":2},"end":{"line":71,"column":65}},"23":{"start":{"line":73,"column":2},"end":{"line":73,"column":73}},"24":{"start":{"line":75,"column":2},"end":{"line":80,"column":5}},"25":{"start":{"line":83,"column":37},"end":{"line":92,"column":2}},"26":{"start":{"line":84,"column":23},"end":{"line":84,"column":32}},"27":{"start":{"line":86,"column":17},"end":{"line":86,"column":48}},"28":{"start":{"line":87,"column":2},"end":{"line":89,"column":3}},"29":{"start":{"line":88,"column":4},"end":{"line":88,"column":58}},"30":{"start":{"line":91,"column":2},"end":{"line":91,"column":36}},"31":{"start":{"line":94,"column":33},"end":{"line":172,"column":2}},"32":{"start":{"line":104,"column":6},"end":{"line":104,"column":14}},"33":{"start":{"line":106,"column":2},"end":{"line":111,"column":5}},"34":{"start":{"line":114,"column":2},"end":{"line":114,"column":79}},"35":{"start":{"line":117,"column":20},"end":{"line":123,"column":4}},"36":{"start":{"line":125,"column":2},"end":{"line":125,"column":57}},"37":{"start":{"line":128,"column":2},"end":{"line":128,"column":64}},"38":{"start":{"line":131,"column":22},"end":{"line":136,"column":4}},"39":{"start":{"line":138,"column":2},"end":{"line":138,"column":61}},"40":{"start":{"line":141,"column":24},"end":{"line":149,"column":4}},"41":{"start":{"line":150,"column":2},"end":{"line":153,"column":3}},"42":{"start":{"line":151,"column":4},"end":{"line":151,"column":68}},"43":{"start":{"line":152,"column":4},"end":{"line":152,"column":58}},"44":{"start":{"line":155,"column":2},"end":{"line":158,"column":4}},"45":{"start":{"line":161,"column":2},"end":{"line":171,"column":5}},"46":{"start":{"line":174,"column":35},"end":{"line":219,"column":2}},"47":{"start":{"line":175,"column":28},"end":{"line":175,"column":36}},"48":{"start":{"line":178,"column":22},"end":{"line":180,"column":4}},"49":{"start":{"line":181,"column":2},"end":{"line":183,"column":3}},"50":{"start":{"line":182,"column":4},"end":{"line":182,"column":63}},"51":{"start":{"line":186,"column":25},"end":{"line":189,"column":3}},"52":{"start":{"line":192,"column":24},"end":{"line":200,"column":4}},"53":{"start":{"line":201,"column":2},"end":{"line":203,"column":3}},"54":{"start":{"line":202,"column":4},"end":{"line":202,"column":58}},"55":{"start":{"line":206,"column":2},"end":{"line":218,"column":5}},"56":{"start":{"line":223,"column":2},"end":{"line":223,"column":80}},"57":{"start":{"line":225,"column":2},"end":{"line":225,"column":14}},"58":{"start":{"line":228,"column":33},"end":{"line":241,"column":2}},"59":{"start":{"line":229,"column":28},"end":{"line":229,"column":37}},"60":{"start":{"line":231,"column":2},"end":{"line":233,"column":3}},"61":{"start":{"line":232,"column":4},"end":{"line":232,"column":68}},"62":{"start":{"line":235,"column":22},"end":{"line":235,"column":63}},"63":{"start":{"line":236,"column":2},"end":{"line":238,"column":3}},"64":{"start":{"line":237,"column":4},"end":{"line":237,"column":63}},"65":{"start":{"line":240,"column":2},"end":{"line":240,"column":41}}},"fnMap":{"0":{"name":"(anonymous_0)","decl":{"start":{"line":10,"column":33},"end":{"line":10,"column":34}},"loc":{"start":{"line":10,"column":47},"end":{"line":12,"column":1}},"line":10},"1":{"name":"(anonymous_1)","decl":{"start":{"line":14,"column":40},"end":{"line":14,"column":41}},"loc":{"start":{"line":14,"column":60},"end":{"line":40,"column":1}},"line":14},"2":{"name":"(anonymous_2)","decl":{"start":{"line":42,"column":44},"end":{"line":42,"column":45}},"loc":{"start":{"line":42,"column":70},"end":{"line":81,"column":1}},"line":42},"3":{"name":"(anonymous_3)","decl":{"start":{"line":83,"column":50},"end":{"line":83,"column":51}},"loc":{"start":{"line":83,"column":76},"end":{"line":92,"column":1}},"line":83},"4":{"name":"(anonymous_4)","decl":{"start":{"line":94,"column":46},"end":{"line":94,"column":47}},"loc":{"start":{"line":94,"column":72},"end":{"line":172,"column":1}},"line":94},"5":{"name":"(anonymous_5)","decl":{"start":{"line":174,"column":48},"end":{"line":174,"column":49}},"loc":{"start":{"line":174,"column":74},"end":{"line":219,"column":1}},"line":174},"6":{"name":"processPayment","decl":{"start":{"line":222,"column":9},"end":{"line":222,"column":23}},"loc":{"start":{"line":222,"column":44},"end":{"line":226,"column":1}},"line":222},"7":{"name":"(anonymous_7)","decl":{"start":{"line":228,"column":46},"end":{"line":228,"column":47}},"loc":{"start":{"line":228,"column":72},"end":{"line":241,"column":1}},"line":228}},"branchMap":{"0":{"loc":{"start":{"line":30,"column":2},"end":{"line":39,"column":3}},"type":"if","locations":[{"start":{"line":30,"column":2},"end":{"line":39,"column":3}},{"start":{"line":33,"column":9},"end":{"line":39,"column":3}}],"line":30},"1":{"loc":{"start":{"line":54,"column":2},"end":{"line":56,"column":3}},"type":"if","locations":[{"start":{"line":54,"column":2},"end":{"line":56,"column":3}},{"start":{},"end":{}}],"line":54},"2":{"loc":{"start":{"line":87,"column":2},"end":{"line":89,"column":3}},"type":"if","locations":[{"start":{"line":87,"column":2},"end":{"line":89,"column":3}},{"start":{},"end":{}}],"line":87},"3":{"loc":{"start":{"line":120,"column":16},"end":{"line":120,"column":34}},"type":"binary-expr","locations":[{"start":{"line":120,"column":16},"end":{"line":120,"column":26}},{"start":{"line":120,"column":30},"end":{"line":120,"column":34}}],"line":120},"4":{"loc":{"start":{"line":150,"column":2},"end":{"line":153,"column":3}},"type":"if","locations":[{"start":{"line":150,"column":2},"end":{"line":153,"column":3}},{"start":{},"end":{}}],"line":150},"5":{"loc":{"start":{"line":181,"column":2},"end":{"line":183,"column":3}},"type":"if","locations":[{"start":{"line":181,"column":2},"end":{"line":183,"column":3}},{"start":{},"end":{}}],"line":181},"6":{"loc":{"start":{"line":201,"column":2},"end":{"line":203,"column":3}},"type":"if","locations":[{"start":{"line":201,"column":2},"end":{"line":203,"column":3}},{"start":{},"end":{}}],"line":201},"7":{"loc":{"start":{"line":214,"column":13},"end":{"line":216,"column":43}},"type":"cond-expr","locations":[{"start":{"line":215,"column":8},"end":{"line":215,"column":63}},{"start":{"line":216,"column":8},"end":{"line":216,"column":43}}],"line":214},"8":{"loc":{"start":{"line":231,"column":2},"end":{"line":233,"column":3}},"type":"if","locations":[{"start":{"line":231,"column":2},"end":{"line":233,"column":3}},{"start":{},"end":{}}],"line":231},"9":{"loc":{"start":{"line":236,"column":2},"end":{"line":238,"column":3}},"type":"if","locations":[{"start":{"line":236,"column":2},"end":{"line":238,"column":3}},{"start":{},"end":{}}],"line":236}},"s":{"0":0,"1":0,"2":0,"3":0,"4":0,"5":0,"6":0,"7":0,"8":0,"9":0,"10":0,"11":0,"12":0,"13":0,"14":0,"15":0,"16":0,"17":0,"18":0,"19":0,"20":0,"21":0,"22":0,"23":0,"24":0,"25":0,"26":0,"27":0,"28":0,"29":0,"30":0,"31":0,"32":0,"33":0,"34":0,"35":0,"36":0,"37":0,"38":0,"39":0,"40":0,"41":0,"42":0,"43":0,"44":0,"45":0,"46":0,"47":0,"48":0,"49":0,"50":0,"51":0,"52":0,"53":0,"54":0,"55":0,"56":0,"57":0,"58":0,"59":0,"60":0,"61":0,"62":0,"63":0,"64":0,"65":0},"f":{"0":0,"1":0,"2":0,"3":0,"4":0,"5":0,"6":0,"7":0},"b":{"0":[0,0],"1":[0,0],"2":[0,0],"3":[0,0],"4":[0,0],"5":[0,0],"6":[0,0],"7":[0,0],"8":[0,0],"9":[0,0]}}
,"/Users/kujinlee/code/copilotforjava/flightreservation-node-es6/src/middleware/errorHandler.js": {"path":"/Users/kujinlee/code/copilotforjava/flightreservation-node-es6/src/middleware/errorHandler.js","statementMap":{"0":{"start":{"line":4,"column":21},"end":{"line":66,"column":1}},"1":{"start":{"line":6,"column":2},"end":{"line":6,"column":69}},"2":{"start":{"line":9,"column":2},"end":{"line":12,"column":3}},"3":{"start":{"line":10,"column":4},"end":{"line":10,"column":68}},"4":{"start":{"line":11,"column":4},"end":{"line":11,"column":21}},"5":{"start":{"line":15,"column":23},"end":{"line":15,"column":60}},"6":{"start":{"line":18,"column":2},"end":{"line":22,"column":5}},"7":{"start":{"line":23,"column":2},"end":{"line":28,"column":3}},"8":{"start":{"line":24,"column":4},"end":{"line":27,"column":7}},"9":{"start":{"line":31,"column":2},"end":{"line":34,"column":5}},"10":{"start":{"line":35,"column":2},"end":{"line":41,"column":3}},"11":{"start":{"line":36,"column":29},"end":{"line":36,"column":61}},"12":{"start":{"line":36,"column":51},"end":{"line":36,"column":60}},"13":{"start":{"line":37,"column":4},"end":{"line":40,"column":7}},"14":{"start":{"line":44,"column":2},"end":{"line":47,"column":5}},"15":{"start":{"line":48,"column":2},"end":{"line":55,"column":3}},"16":{"start":{"line":49,"column":4},"end":{"line":54,"column":7}},"17":{"start":{"line":58,"column":2},"end":{"line":61,"column":5}},"18":{"start":{"line":62,"column":2},"end":{"line":65,"column":5}}},"fnMap":{"0":{"name":"(anonymous_0)","decl":{"start":{"line":4,"column":21},"end":{"line":4,"column":22}},"loc":{"start":{"line":4,"column":46},"end":{"line":66,"column":1}},"line":4},"1":{"name":"(anonymous_1)","decl":{"start":{"line":36,"column":44},"end":{"line":36,"column":45}},"loc":{"start":{"line":36,"column":51},"end":{"line":36,"column":60}},"line":36}},"branchMap":{"0":{"loc":{"start":{"line":9,"column":2},"end":{"line":12,"column":3}},"type":"if","locations":[{"start":{"line":9,"column":2},"end":{"line":12,"column":3}},{"start":{},"end":{}}],"line":9},"1":{"loc":{"start":{"line":9,"column":6},"end":{"line":9,"column":46}},"type":"binary-expr","locations":[{"start":{"line":9,"column":6},"end":{"line":9,"column":10}},{"start":{"line":9,"column":14},"end":{"line":9,"column":46}}],"line":9},"2":{"loc":{"start":{"line":23,"column":2},"end":{"line":28,"column":3}},"type":"if","locations":[{"start":{"line":23,"column":2},"end":{"line":28,"column":3}},{"start":{},"end":{}}],"line":23},"3":{"loc":{"start":{"line":23,"column":6},"end":{"line":23,"column":50}},"type":"binary-expr","locations":[{"start":{"line":23,"column":6},"end":{"line":23,"column":32}},{"start":{"line":23,"column":36},"end":{"line":23,"column":50}}],"line":23},"4":{"loc":{"start":{"line":24,"column":22},"end":{"line":24,"column":43}},"type":"binary-expr","locations":[{"start":{"line":24,"column":22},"end":{"line":24,"column":36}},{"start":{"line":24,"column":40},"end":{"line":24,"column":43}}],"line":24},"5":{"loc":{"start":{"line":26,"column":10},"end":{"line":26,"column":50}},"type":"cond-expr","locations":[{"start":{"line":26,"column":25},"end":{"line":26,"column":27}},{"start":{"line":26,"column":30},"end":{"line":26,"column":50}}],"line":26},"6":{"loc":{"start":{"line":35,"column":2},"end":{"line":41,"column":3}},"type":"if","locations":[{"start":{"line":35,"column":2},"end":{"line":41,"column":3}},{"start":{},"end":{}}],"line":35},"7":{"loc":{"start":{"line":48,"column":2},"end":{"line":55,"column":3}},"type":"if","locations":[{"start":{"line":48,"column":2},"end":{"line":55,"column":3}},{"start":{},"end":{}}],"line":48},"8":{"loc":{"start":{"line":51,"column":15},"end":{"line":53,"column":21}},"type":"cond-expr","locations":[{"start":{"line":52,"column":10},"end":{"line":52,"column":46}},{"start":{"line":53,"column":10},"end":{"line":53,"column":21}}],"line":51},"9":{"loc":{"start":{"line":64,"column":8},"end":{"line":64,"column":70}},"type":"cond-expr","locations":[{"start":{"line":64,"column":23},"end":{"line":64,"column":25}},{"start":{"line":64,"column":28},"end":{"line":64,"column":70}}],"line":64}},"s":{"0":1,"1":2,"2":2,"3":0,"4":0,"5":2,"6":2,"7":2,"8":1,"9":1,"10":1,"11":0,"12":0,"13":0,"14":1,"15":1,"16":0,"17":1,"18":1},"f":{"0":2,"1":0},"b":{"0":[0,2],"1":[2,2],"2":[1,1],"3":[2,2],"4":[1,0],"5":[0,1],"6":[0,1],"7":[0,1],"8":[0,0],"9":[0,1]},"_coverageSchema":"1a1c01bbd47fc00a2c39e90264f33305004495a9","hash":"0ca45cdd7bb4f403de6d59f3b4715d8df9b190bd"}
,"/Users/kujinlee/code/copilotforjava/flightreservation-node-es6/src/models/flight.js": {"path":"/Users/kujinlee/code/copilotforjava/flightreservation-node-es6/src/models/flight.js","statementMap":{"0":{"start":{"line":4,"column":15},"end":{"line":71,"column":1}}},"fnMap":{},"branchMap":{},"s":{"0":1},"f":{},"b":{},"_coverageSchema":"1a1c01bbd47fc00a2c39e90264f33305004495a9","hash":"2b719c4d49b4d28b8f98dd2c4ed5814c23eb7dda"}
,"/Users/kujinlee/code/copilotforjava/flightreservation-node-es6/src/models/index.js": {"path":"/Users/kujinlee/code/copilotforjava/flightreservation-node-es6/src/models/index.js","statementMap":{"0":{"start":{"line":8,"column":0},"end":{"line":8,"column":77}},"1":{"start":{"line":9,"column":0},"end":{"line":9,"column":73}},"2":{"start":{"line":11,"column":0},"end":{"line":14,"column":3}},"3":{"start":{"line":15,"column":0},"end":{"line":18,"column":3}},"4":{"start":{"line":20,"column":0},"end":{"line":20,"column":41}},"5":{"start":{"line":21,"column":0},"end":{"line":21,"column":38}},"6":{"start":{"line":22,"column":0},"end":{"line":22,"column":36}},"7":{"start":{"line":23,"column":0},"end":{"line":23,"column":33}}},"fnMap":{},"branchMap":{},"s":{"0":0,"1":0,"2":0,"3":0,"4":0,"5":0,"6":0,"7":0},"f":{},"b":{}}
,"/Users/kujinlee/code/copilotforjava/flightreservation-node-es6/src/models/passenger.js": {"path":"/Users/kujinlee/code/copilotforjava/flightreservation-node-es6/src/models/passenger.js","statementMap":{"0":{"start":{"line":4,"column":18},"end":{"line":54,"column":1}}},"fnMap":{},"branchMap":{},"s":{"0":1},"f":{},"b":{},"_coverageSchema":"1a1c01bbd47fc00a2c39e90264f33305004495a9","hash":"a17c8f3f4ce0c48038524217a2f577c51d9e6f77"}
,"/Users/kujinlee/code/copilotforjava/flightreservation-node-es6/src/models/reservation.js": {"path":"/Users/kujinlee/code/copilotforjava/flightreservation-node-es6/src/models/reservation.js","statementMap":{"0":{"start":{"line":4,"column":20},"end":{"line":67,"column":1}},"1":{"start":{"line":15,"column":22},"end":{"line":15,"column":52}},"2":{"start":{"line":16,"column":8},"end":{"line":16,"column":27}},"3":{"start":{"line":20,"column":8},"end":{"line":20,"column":54}}},"fnMap":{"0":{"name":"(anonymous_0)","decl":{"start":{"line":13,"column":6},"end":{"line":13,"column":7}},"loc":{"start":{"line":13,"column":12},"end":{"line":17,"column":7}},"line":13},"1":{"name":"(anonymous_1)","decl":{"start":{"line":18,"column":6},"end":{"line":18,"column":7}},"loc":{"start":{"line":18,"column":17},"end":{"line":21,"column":7}},"line":18}},"branchMap":{"0":{"loc":{"start":{"line":20,"column":39},"end":{"line":20,"column":52}},"type":"cond-expr","locations":[{"start":{"line":20,"column":47},"end":{"line":20,"column":48}},{"start":{"line":20,"column":51},"end":{"line":20,"column":52}}],"line":20}},"s":{"0":1,"1":0,"2":0,"3":0},"f":{"0":0,"1":0},"b":{"0":[0,0]},"_coverageSchema":"1a1c01bbd47fc00a2c39e90264f33305004495a9","hash":"0a9b621b8f21687eee350ddbb4491a376ee23b08"}
,"/Users/kujinlee/code/copilotforjava/flightreservation-node-es6/src/routes/flightRoutes.js": {"path":"/Users/kujinlee/code/copilotforjava/flightreservation-node-es6/src/routes/flightRoutes.js","statementMap":{"0":{"start":{"line":12,"column":15},"end":{"line":12,"column":31}},"1":{"start":{"line":23,"column":0},"end":{"line":23,"column":46}},"2":{"start":{"line":60,"column":0},"end":{"line":60,"column":41}},"3":{"start":{"line":83,"column":0},"end":{"line":83,"column":42}},"4":{"start":{"line":116,"column":0},"end":{"line":116,"column":49}},"5":{"start":{"line":139,"column":0},"end":{"line":139,"column":46}},"6":{"start":{"line":201,"column":0},"end":{"line":201,"column":53}},"7":{"start":{"line":221,"column":0},"end":{"line":221,"column":57}}},"fnMap":{},"branchMap":{},"s":{"0":1,"1":1,"2":1,"3":1,"4":1,"5":1,"6":1,"7":1},"f":{},"b":{},"_coverageSchema":"1a1c01bbd47fc00a2c39e90264f33305004495a9","hash":"ca510f8196e076562e392ef1c6ae9b8036837d1c"}
,"/Users/kujinlee/code/copilotforjava/flightreservation-node-es6/src/utils/CustomError.js": {"path":"/Users/kujinlee/code/copilotforjava/flightreservation-node-es6/src/utils/CustomError.js","statementMap":{"0":{"start":{"line":3,"column":4},"end":{"line":3,"column":19}},"1":{"start":{"line":4,"column":4},"end":{"line":4,"column":33}}},"fnMap":{"0":{"name":"(anonymous_0)","decl":{"start":{"line":2,"column":2},"end":{"line":2,"column":3}},"loc":{"start":{"line":2,"column":35},"end":{"line":5,"column":3}},"line":2}},"branchMap":{},"s":{"0":0,"1":0},"f":{"0":0},"b":{},"_coverageSchema":"1a1c01bbd47fc00a2c39e90264f33305004495a9","hash":"04ddae3f30759764f58385294b7bc723751464a6"}
,"/Users/kujinlee/code/copilotforjava/flightreservation-node-es6/src/utils/asyncHandler.js": {"path":"/Users/kujinlee/code/copilotforjava/flightreservation-node-es6/src/utils/asyncHandler.js","statementMap":{"0":{"start":{"line":1,"column":21},"end":{"line":3,"column":1}},"1":{"start":{"line":1,"column":29},"end":{"line":3,"column":1}},"2":{"start":{"line":2,"column":2},"end":{"line":2,"column":50}}},"fnMap":{"0":{"name":"(anonymous_0)","decl":{"start":{"line":1,"column":21},"end":{"line":1,"column":22}},"loc":{"start":{"line":1,"column":29},"end":{"line":3,"column":1}},"line":1},"1":{"name":"(anonymous_1)","decl":{"start":{"line":1,"column":29},"end":{"line":1,"column":30}},"loc":{"start":{"line":1,"column":49},"end":{"line":3,"column":1}},"line":1}},"branchMap":{},"s":{"0":0,"1":0,"2":0},"f":{"0":0,"1":0},"b":{}}
,"/Users/kujinlee/code/copilotforjava/flightreservation-node-es6/src/utils/logger.js": {"path":"/Users/kujinlee/code/copilotforjava/flightreservation-node-es6/src/utils/logger.js","statementMap":{"0":{"start":{"line":3,"column":15},"end":{"line":20,"column":2}}},"fnMap":{},"branchMap":{"0":{"loc":{"start":{"line":5,"column":4},"end":{"line":6,"column":56}},"type":"binary-expr","locations":[{"start":{"line":5,"column":4},"end":{"line":5,"column":25}},{"start":{"line":6,"column":5},"end":{"line":6,"column":55}}],"line":5},"1":{"loc":{"start":{"line":6,"column":5},"end":{"line":6,"column":55}},"type":"cond-expr","locations":[{"start":{"line":6,"column":39},"end":{"line":6,"column":46}},{"start":{"line":6,"column":49},"end":{"line":6,"column":55}}],"line":6}},"s":{"0":4},"f":{},"b":{"0":[4,4],"1":[4,0]},"_coverageSchema":"1a1c01bbd47fc00a2c39e90264f33305004495a9","hash":"669cf1ee7572a599e64822d827955fcbc00c46d6"}
,"/Users/kujinlee/code/copilotforjava/flightreservation-node-es6/src/utils/validateFields.js": {"path":"/Users/kujinlee/code/copilotforjava/flightreservation-node-es6/src/utils/validateFields.js","statementMap":{"0":{"start":{"line":8,"column":30},"end":{"line":18,"column":1}},"1":{"start":{"line":9,"column":22},"end":{"line":9,"column":56}},"2":{"start":{"line":11,"column":2},"end":{"line":17,"column":3}},"3":{"start":{"line":12,"column":4},"end":{"line":16,"column":5}},"4":{"start":{"line":13,"column":6},"end":{"line":15,"column":8}}},"fnMap":{"0":{"name":"(anonymous_0)","decl":{"start":{"line":8,"column":30},"end":{"line":8,"column":31}},"loc":{"start":{"line":8,"column":57},"end":{"line":18,"column":1}},"line":8}},"branchMap":{"0":{"loc":{"start":{"line":12,"column":4},"end":{"line":16,"column":5}},"type":"if","locations":[{"start":{"line":12,"column":4},"end":{"line":16,"column":5}},{"start":{},"end":{}}],"line":12}},"s":{"0":0,"1":0,"2":0,"3":0,"4":0},"f":{"0":0},"b":{"0":[0,0]}}
}
