TN:
SF:src/app.js
FN:29,(anonymous_0)
FN:57,(anonymous_1)
FN:70,(anonymous_2)
FNF:3
FNH:0
FNDA:0,(anonymous_0)
FNDA:0,(anonymous_1)
FNDA:0,(anonymous_2)
DA:15,0
DA:17,0
DA:18,0
DA:19,0
DA:22,0
DA:23,0
DA:24,0
DA:25,0
DA:28,0
DA:29,0
DA:30,0
DA:31,0
DA:33,0
DA:36,0
DA:39,0
DA:42,0
DA:45,0
DA:46,0
DA:50,0
DA:51,0
DA:53,0
DA:57,0
DA:58,0
DA:59,0
DA:60,0
DA:62,0
DA:65,0
DA:66,0
DA:67,0
DA:68,0
DA:70,0
DA:71,0
DA:72,0
LF:33
LH:0
BRDA:28,0,0,0
BRDA:28,0,1,0
BRDA:45,1,0,0
BRDA:45,1,1,0
BRDA:65,2,0,0
BRDA:65,2,1,0
BRDA:66,3,0,0
BRDA:66,3,1,0
BRDA:67,4,0,0
BRDA:67,4,1,0
BRDA:68,5,0,0
BRDA:68,5,1,0
BRDA:71,6,0,0
BRDA:71,6,1,0
BRF:14
BRH:0
end_of_record
TN:
SF:src/controllers/flightController.js
FN:10,(anonymous_0)
FN:14,(anonymous_1)
FN:42,(anonymous_2)
FN:83,(anonymous_3)
FN:94,(anonymous_4)
FN:174,(anonymous_5)
FN:222,processPayment
FN:228,(anonymous_7)
FNF:8
FNH:0
FNDA:0,(anonymous_0)
FNDA:0,(anonymous_1)
FNDA:0,(anonymous_2)
FNDA:0,(anonymous_3)
FNDA:0,(anonymous_4)
FNDA:0,(anonymous_5)
FNDA:0,processPayment
FNDA:0,(anonymous_7)
DA:10,0
DA:11,0
DA:14,0
DA:15,0
DA:16,0
DA:22,0
DA:30,0
DA:31,0
DA:32,0
DA:34,0
DA:35,0
DA:42,0
DA:43,0
DA:45,0
DA:47,0
DA:54,0
DA:55,0
DA:58,0
DA:61,0
DA:62,0
DA:65,0
DA:68,0
DA:71,0
DA:73,0
DA:75,0
DA:83,0
DA:84,0
DA:86,0
DA:87,0
DA:88,0
DA:91,0
DA:94,0
DA:104,0
DA:106,0
DA:114,0
DA:117,0
DA:125,0
DA:128,0
DA:131,0
DA:138,0
DA:141,0
DA:150,0
DA:151,0
DA:152,0
DA:155,0
DA:161,0
DA:174,0
DA:175,0
DA:178,0
DA:181,0
DA:182,0
DA:186,0
DA:192,0
DA:201,0
DA:202,0
DA:206,0
DA:223,0
DA:225,0
DA:228,0
DA:229,0
DA:231,0
DA:232,0
DA:235,0
DA:236,0
DA:237,0
DA:240,0
LF:66
LH:0
BRDA:30,0,0,0
BRDA:30,0,1,0
BRDA:54,1,0,0
BRDA:54,1,1,0
BRDA:87,2,0,0
BRDA:87,2,1,0
BRDA:120,3,0,0
BRDA:120,3,1,0
BRDA:150,4,0,0
BRDA:150,4,1,0
BRDA:181,5,0,0
BRDA:181,5,1,0
BRDA:201,6,0,0
BRDA:201,6,1,0
BRDA:214,7,0,0
BRDA:214,7,1,0
BRDA:231,8,0,0
BRDA:231,8,1,0
BRDA:236,9,0,0
BRDA:236,9,1,0
BRF:20
BRH:0
end_of_record
TN:
SF:src/middleware/errorHandler.js
FN:4,(anonymous_0)
FN:36,(anonymous_1)
FNF:2
FNH:1
FNDA:2,(anonymous_0)
FNDA:0,(anonymous_1)
DA:4,1
DA:6,2
DA:9,2
DA:10,0
DA:11,0
DA:15,2
DA:18,2
DA:23,2
DA:24,1
DA:31,1
DA:35,1
DA:36,0
DA:37,0
DA:44,1
DA:48,1
DA:49,0
DA:58,1
DA:62,1
LF:18
LH:13
BRDA:9,0,0,0
BRDA:9,0,1,2
BRDA:9,1,0,2
BRDA:9,1,1,2
BRDA:23,2,0,1
BRDA:23,2,1,1
BRDA:23,3,0,2
BRDA:23,3,1,2
BRDA:24,4,0,1
BRDA:24,4,1,0
BRDA:26,5,0,0
BRDA:26,5,1,1
BRDA:35,6,0,0
BRDA:35,6,1,1
BRDA:48,7,0,0
BRDA:48,7,1,1
BRDA:51,8,0,0
BRDA:51,8,1,0
BRDA:64,9,0,0
BRDA:64,9,1,1
BRF:20
BRH:12
end_of_record
TN:
SF:src/models/flight.js
FNF:0
FNH:0
DA:4,1
LF:1
LH:1
BRF:0
BRH:0
end_of_record
TN:
SF:src/models/index.js
FNF:0
FNH:0
DA:8,0
DA:9,0
DA:11,0
DA:15,0
DA:20,0
DA:21,0
DA:22,0
DA:23,0
LF:8
LH:0
BRF:0
BRH:0
end_of_record
TN:
SF:src/models/passenger.js
FNF:0
FNH:0
DA:4,1
LF:1
LH:1
BRF:0
BRH:0
end_of_record
TN:
SF:src/models/reservation.js
FN:13,(anonymous_0)
FN:18,(anonymous_1)
FNF:2
FNH:0
FNDA:0,(anonymous_0)
FNDA:0,(anonymous_1)
DA:4,1
DA:15,0
DA:16,0
DA:20,0
LF:4
LH:1
BRDA:20,0,0,0
BRDA:20,0,1,0
BRF:2
BRH:0
end_of_record
TN:
SF:src/routes/flightRoutes.js
FNF:0
FNH:0
DA:12,1
DA:23,1
DA:60,1
DA:83,1
DA:116,1
DA:139,1
DA:201,1
DA:221,1
LF:8
LH:8
BRF:0
BRH:0
end_of_record
TN:
SF:src/utils/CustomError.js
FN:2,(anonymous_0)
FNF:1
FNH:0
FNDA:0,(anonymous_0)
DA:3,0
DA:4,0
LF:2
LH:0
BRF:0
BRH:0
end_of_record
TN:
SF:src/utils/asyncHandler.js
FN:1,(anonymous_0)
FN:1,(anonymous_1)
FNF:2
FNH:0
FNDA:0,(anonymous_0)
FNDA:0,(anonymous_1)
DA:1,0
DA:2,0
LF:2
LH:0
BRF:0
BRH:0
end_of_record
TN:
SF:src/utils/logger.js
FNF:0
FNH:0
DA:3,4
LF:1
LH:1
BRDA:5,0,0,4
BRDA:5,0,1,4
BRDA:6,1,0,4
BRDA:6,1,1,0
BRF:4
BRH:3
end_of_record
TN:
SF:src/utils/validateFields.js
FN:8,(anonymous_0)
FNF:1
FNH:0
FNDA:0,(anonymous_0)
DA:8,0
DA:9,0
DA:11,0
DA:12,0
DA:13,0
LF:5
LH:0
BRDA:12,0,0,0
BRDA:12,0,1,0
BRF:2
BRH:0
end_of_record
